<?xml version="1.0" encoding="UTF-8"?>
<!-- Generated by org.testng.reporters.JUnitReportReporter -->
<testsuite hostname="MacBook-Pro.local" failures="0" tests="2" name="com.nopcommerce.user.Level_20_DataDrivenJSON" time="7.689" errors="0" timestamp="09 Dec 2022 07:38:10 GMT" skipped="0">
  <testcase classname="com.nopcommerce.user.Level_20_DataDrivenJSON" name="User_02_My_Account" time="0.855"/>
  <testcase classname="com.nopcommerce.user.Level_20_DataDrivenJSON" name="User_01_Register_And_Login" time="6.834"/>
</testsuite> <!-- com.nopcommerce.user.Level_20_DataDrivenJSON -->
