<?xml version="1.0" encoding="UTF-8"?>
<!-- Generated by org.testng.reporters.JUnitReportReporter -->
<testsuite hostname="MacBook-Pro.local" failures="0" tests="1" name="codelearn.login.Login_01_User_Login" time="1.493" errors="0" timestamp="18 Dec 2022 01:18:21 GMT" skipped="0">
  <testcase classname="codelearn.login.Login_01_User_Login" name="TC_01_Visit_Homepage" time="1.493"/>
</testsuite> <!-- codelearn.login.Login_01_User_Login -->
